<?xml version="1.0" encoding="UTF-8"?>
<testsuite xmlns:xsi="http://www.w3.org/2001/XMLSchema-instance" xsi:noNamespaceSchemaLocation="https://maven.apache.org/surefire/maven-surefire-plugin/xsd/surefire-test-report.xsd" name="ba.unsa.etf.rpr.ExpressionEvaluatorTest" time="0.041" tests="5" errors="0" skipped="0" failures="0">
  <properties>
[...]
</properties>
  <testcase name="Test1" classname="ba.unsa.etf.rpr.ExpressionEvaluatorTest" time="0.025"/>
  <testcase name="Test2" classname="ba.unsa.etf.rpr.ExpressionEvaluatorTest" time="0.001"/>
  <testcase name="Test3" classname="ba.unsa.etf.rpr.ExpressionEvaluatorTest" time="0.003"/>
  <testcase name="Test4" classname="ba.unsa.etf.rpr.ExpressionEvaluatorTest" time="0.001"/>
  <testcase name="Test5" classname="ba.unsa.etf.rpr.ExpressionEvaluatorTest" time="0.001"/>
</testsuite>